<?xml version="1.0" encoding="UTF-8"?>
<!-- Generated by org.testng.reporters.JUnitXMLReporter -->
<testsuite ignored="1" hostname="AnilVarma" failures="1" tests="1" name="TestSuite" time="0.09" errors="0" timestamp="2023-04-30T21:59:14 IST">
  <testcase classname="digitalroot.Orange_Testcases.TestOrange_login" name="loginOrange" time="0.033">
    <failure type="java.lang.NullPointerException" message="Cannot invoke &amp;quot;org.openqa.selenium.SearchContext.findElement(org.openqa.selenium.By)&amp;quot; because &amp;quot;this.searchContext&amp;quot; is null">
      <![CDATA[java.lang.NullPointerException: Cannot invoke "org.openqa.selenium.SearchContext.findElement(org.openqa.selenium.By)" because "this.searchContext" is null
at org.openqa.selenium.support.pagefactory.DefaultElementLocator.findElement(DefaultElementLocator.java:70)
at org.openqa.selenium.support.pagefactory.internal.LocatingElementHandler.invoke(LocatingElementHandler.java:39)
at jdk.proxy2/jdk.proxy2.$Proxy11.sendKeys(Unknown Source)
at digitalroot_pageObjects.Orange_logingPage.setusername(Orange_logingPage.java:28)
at digitalroot.Orange_Testcases.TestOrange_login.loginOrange(TestOrange_login.java:11)
at java.base/java.util.ArrayList.forEach(ArrayList.java:1511)
... Removed 27 stack frames]]>
    </failure>
  </testcase> <!-- loginOrange -->
  <testcase classname="digitalroot.Orange_Testcases.TestOrange_AddEmployee" name="addEmployee" time="0.0">
    <ignored/>
  </testcase> <!-- addEmployee -->
</testsuite> <!-- TestSuite -->
