<?xml version="1.0" encoding="UTF-8"?>
<!-- Generated by org.testng.reporters.JUnitXMLReporter -->
<testsuite ignored="2" hostname="AnilVarma" failures="0" tests="1" name="Test" time="0.073" errors="0" timestamp="2023-05-05T16:55:17 IST">
  <testcase classname="testngDemos.TestDemo1" name="test2sub" time="0.011"/>
  <testcase classname="testngDemos.TestDemo1" name="test3multiply" time="0.0">
    <ignored/>
  </testcase> <!-- test3multiply -->
  <testcase classname="testngDemos.TestDemo1" name="test1" time="0.0">
    <ignored/>
  </testcase> <!-- test1 -->
</testsuite> <!-- Test -->
