<?xml version="1.0" encoding="UTF-8"?>
<testng-results ignored="0" total="2" passed="2" failed="0" skipped="0">
  <reporter-output>
  </reporter-output>
  <suite started-at="2023-05-16T13:26:08 IST" name="Suiteno1" finished-at="2023-05-16T13:26:28 IST" duration-ms="19171">
    <groups>
    </groups>
    <test started-at="2023-05-16T13:26:08 IST" name="parallel_test" finished-at="2023-05-16T13:26:28 IST" duration-ms="19171">
      <class name="digitalroot.Orange_Testcases.TestOrange_login">
        <test-method is-config="true" signature="setup()[pri:0, instance:digitalroot.Orange_Testcases.TestOrange_login@69b2283a]" started-at="2023-05-16T13:26:09 IST" name="setup" finished-at="2023-05-16T13:26:14 IST" duration-ms="5059" status="PASS">
          <reporter-output>
          </reporter-output>
        </test-method> <!-- setup -->
        <test-method signature="loginOrange()[pri:0, instance:digitalroot.Orange_Testcases.TestOrange_login@69b2283a]" started-at="2023-05-16T13:26:14 IST" name="loginOrange" finished-at="2023-05-16T13:26:19 IST" duration-ms="5354" status="PASS">
          <reporter-output>
          </reporter-output>
        </test-method> <!-- loginOrange -->
        <test-method is-config="true" signature="teardown()[pri:0, instance:digitalroot.Orange_Testcases.TestOrange_login@69b2283a]" started-at="2023-05-16T13:26:19 IST" name="teardown" finished-at="2023-05-16T13:26:19 IST" duration-ms="147" status="PASS">
          <reporter-output>
          </reporter-output>
        </test-method> <!-- teardown -->
      </class> <!-- digitalroot.Orange_Testcases.TestOrange_login -->
      <class name="digitalroot.Orange_Testcases.TestOrange_AddEmployee">
        <test-method is-config="true" signature="setup()[pri:0, instance:digitalroot.Orange_Testcases.TestOrange_AddEmployee@418e7838]" started-at="2023-05-16T13:26:19 IST" name="setup" finished-at="2023-05-16T13:26:22 IST" duration-ms="2316" status="PASS">
          <reporter-output>
          </reporter-output>
        </test-method> <!-- setup -->
        <test-method signature="addEmployee(java.lang.String,java.lang.String)[pri:0, instance:digitalroot.Orange_Testcases.TestOrange_AddEmployee@418e7838]" started-at="2023-05-16T13:26:22 IST" name="addEmployee" finished-at="2023-05-16T13:26:27 IST" duration-ms="5942" status="PASS">
          <params>
            <param index="0">
              <value>
                <![CDATA[surya]]>
              </value>
            </param>
            <param index="1">
              <value>
                <![CDATA[prakash]]>
              </value>
            </param>
          </params>
          <reporter-output>
          </reporter-output>
        </test-method> <!-- addEmployee -->
        <test-method is-config="true" signature="teardown()[pri:0, instance:digitalroot.Orange_Testcases.TestOrange_AddEmployee@418e7838]" started-at="2023-05-16T13:26:27 IST" name="teardown" finished-at="2023-05-16T13:26:28 IST" duration-ms="105" status="PASS">
          <reporter-output>
          </reporter-output>
        </test-method> <!-- teardown -->
      </class> <!-- digitalroot.Orange_Testcases.TestOrange_AddEmployee -->
    </test> <!-- parallel_test -->
  </suite> <!-- Suiteno1 -->
</testng-results>
